[debug] [2021-01-03T15:05:49.191Z] ----------------------------------------------------------------------
[debug] [2021-01-03T15:05:49.192Z] Command:       /usr/local/bin/node /Users/kataokayuuto/.npm_global/bin/firebase functions:shell
[debug] [2021-01-03T15:05:49.193Z] CLI Version:   9.1.0
[debug] [2021-01-03T15:05:49.193Z] Platform:      darwin
[debug] [2021-01-03T15:05:49.193Z] Node Version:  v12.18.0
[debug] [2021-01-03T15:05:49.194Z] Time:          Mon Jan 04 2021 00:05:49 GMT+0900 (GMT+09:00)
[debug] [2021-01-03T15:05:49.194Z] ----------------------------------------------------------------------
[debug] [2021-01-03T15:05:49.194Z] 
[debug] [2021-01-03T15:05:49.205Z] > command requires scopes: ["email","openid","https://www.googleapis.com/auth/cloudplatformprojects.readonly","https://www.googleapis.com/auth/firebase","https://www.googleapis.com/auth/cloud-platform"]
[debug] [2021-01-03T15:05:49.206Z] > authorizing via signed-in user
[debug] [2021-01-03T15:05:49.206Z] [iam] checking project harvest-6137e for permissions ["firebase.projects.get"]
[debug] [2021-01-03T15:05:49.208Z] >>> HTTP REQUEST POST https://cloudresourcemanager.googleapis.com/v1/projects/harvest-6137e:testIamPermissions  
 {"permissions":["firebase.projects.get"]}
[debug] [2021-01-03T15:05:49.772Z] <<< HTTP RESPONSE 200 {"content-type":"application/json; charset=UTF-8","vary":"X-Origin, Referer, Origin,Accept-Encoding","date":"Sun, 03 Jan 2021 15:05:49 GMT","server":"ESF","cache-control":"private","x-xss-protection":"0","x-frame-options":"SAMEORIGIN","x-content-type-options":"nosniff","server-timing":"gfet4t7; dur=128","alt-svc":"h3-29=\":443\"; ma=2592000,h3-T051=\":443\"; ma=2592000,h3-Q050=\":443\"; ma=2592000,h3-Q046=\":443\"; ma=2592000,h3-Q043=\":443\"; ma=2592000,quic=\":443\"; ma=2592000; v=\"46,43\"","accept-ranges":"none","transfer-encoding":"chunked"}
[debug] [2021-01-03T15:05:49.782Z] [functions] Using node@12 from host.
[warn] ⚠  functions: Your GOOGLE_APPLICATION_CREDENTIALS environment variable points to /home/user/Downloads/service-account-file.json. Non-emulated services will access production using these credentials. Be careful! {"metadata":{"emulator":{"name":"functions"},"message":"Your GOOGLE_APPLICATION_CREDENTIALS environment variable points to /home/user/Downloads/service-account-file.json. Non-emulated services will access production using these credentials. Be careful!"}}
[debug] [2021-01-03T15:05:49.791Z] [functions] Watching "/Users/kataokayuuto/Desktop/react-study/superchat/functions" for Cloud Functions...
[debug] [2021-01-03T15:05:49.800Z] DEBUG: [worker-pool] addWorker(~diagnostic~)
[debug] [2021-01-03T15:05:49.800Z] DEBUG: [worker-pool] Adding worker with key ~diagnostic~, total=1
[debug] [2021-01-03T15:05:49.800Z] DEBUG: [worker-pool] submitWork(triggerId=)
[debug] [2021-01-03T15:05:49.800Z] DEBUG: [worker-~diagnostic~-8c31ac6a-6671-4b6f-8b26-d8ed158b2ad1]: Assigning socketPath: /var/folders/cq/z08jc6rs74x8ssm5c8tp_t180000gn/T/fire_emu_73682.sock
[debug] [2021-01-03T15:05:49.801Z] DEBUG: [worker-~diagnostic~-8c31ac6a-6671-4b6f-8b26-d8ed158b2ad1]: BUSY
[debug] [2021-01-03T15:05:50.001Z] DEBUG: [runtime-status] [73682] Functions runtime initialized. {"cwd":"/Users/kataokayuuto/Desktop/react-study/superchat/functions","node_version":"12.18.0"}
[debug] [2021-01-03T15:05:50.002Z] DEBUG: [runtime-status] [73682] Disabled runtime features: undefined
[debug] [2021-01-03T15:05:50.004Z] DEBUG: [runtime-status] [73682] Resolved module firebase-admin {"declared":true,"installed":true,"version":"9.4.2","resolution":"/Users/kataokayuuto/Desktop/react-study/superchat/functions/node_modules/firebase-admin/lib/index.js"}
[debug] [2021-01-03T15:05:50.005Z] DEBUG: [runtime-status] [73682] Resolved module firebase-functions {"declared":true,"installed":true,"version":"3.13.0","resolution":"/Users/kataokayuuto/Desktop/react-study/superchat/functions/node_modules/firebase-functions/lib/index.js"}
[debug] [2021-01-03T15:05:50.006Z] DEBUG: [runtime-status] [73682] Resolved module firebase-functions {"declared":true,"installed":true,"version":"3.13.0","resolution":"/Users/kataokayuuto/Desktop/react-study/superchat/functions/node_modules/firebase-functions/lib/index.js"}
[debug] [2021-01-03T15:05:50.007Z] DEBUG: [runtime-status] [73682] Outgoing network have been stubbed. [{"name":"http","status":"mocked"},{"name":"http","status":"mocked"},{"name":"https","status":"mocked"},{"name":"https","status":"mocked"},{"name":"net","status":"mocked"}]
[debug] [2021-01-03T15:05:50.008Z] DEBUG: [runtime-status] [73682] Resolved module firebase-functions {"declared":true,"installed":true,"version":"3.13.0","resolution":"/Users/kataokayuuto/Desktop/react-study/superchat/functions/node_modules/firebase-functions/lib/index.js"}
[debug] [2021-01-03T15:05:50.117Z] DEBUG: [runtime-status] [73682] Checked functions.config() {"config":{}}
[debug] [2021-01-03T15:05:50.117Z] DEBUG: [runtime-status] [73682] firebase-functions has been stubbed. {"functionsResolution":{"declared":true,"installed":true,"version":"3.13.0","resolution":"/Users/kataokayuuto/Desktop/react-study/superchat/functions/node_modules/firebase-functions/lib/index.js"}}
[debug] [2021-01-03T15:05:50.118Z] DEBUG: [runtime-status] [73682] Resolved module firebase-functions {"declared":true,"installed":true,"version":"3.13.0","resolution":"/Users/kataokayuuto/Desktop/react-study/superchat/functions/node_modules/firebase-functions/lib/index.js"}
[debug] [2021-01-03T15:05:50.119Z] DEBUG: [runtime-status] [73682] Resolved module firebase-admin {"declared":true,"installed":true,"version":"9.4.2","resolution":"/Users/kataokayuuto/Desktop/react-study/superchat/functions/node_modules/firebase-admin/lib/index.js"}
[debug] [2021-01-03T15:05:50.119Z] DEBUG: [runtime-status] [73682] Resolved module firebase-functions {"declared":true,"installed":true,"version":"3.13.0","resolution":"/Users/kataokayuuto/Desktop/react-study/superchat/functions/node_modules/firebase-functions/lib/index.js"}
[debug] [2021-01-03T15:05:50.119Z] DEBUG: [runtime-status] [73682] firebase-admin has been stubbed. {"adminResolution":{"declared":true,"installed":true,"version":"9.4.2","resolution":"/Users/kataokayuuto/Desktop/react-study/superchat/functions/node_modules/firebase-admin/lib/index.js"}}
[warn] ⚠  functions: The Cloud Firestore emulator is not running, so calls to Firestore will affect production. {"metadata":{"emulator":{"name":"functions"},"message":"The Cloud Firestore emulator is not running, so calls to Firestore will affect production."}}
[warn] ⚠  Error: Failed to read credentials from file /home/user/Downloads/service-account-file.json: Error: ENOENT: no such file or directory, open '/home/user/Downloads/service-account-file.json'
    at FirebaseAppError.FirebaseError [as constructor] (/Users/kataokayuuto/Desktop/react-study/superchat/functions/node_modules/firebase-admin/lib/utils/error.js:44:28)
    at FirebaseAppError.PrefixedFirebaseError [as constructor] (/Users/kataokayuuto/Desktop/react-study/superchat/functions/node_modules/firebase-admin/lib/utils/error.js:90:28)
    at new FirebaseAppError (/Users/kataokayuuto/Desktop/react-study/superchat/functions/node_modules/firebase-admin/lib/utils/error.js:125:28)
    at readCredentialFile (/Users/kataokayuuto/Desktop/react-study/superchat/functions/node_modules/firebase-admin/lib/credential/credential-internal.js:383:15)
    at credentialFromFile (/Users/kataokayuuto/Desktop/react-study/superchat/functions/node_modules/firebase-admin/lib/credential/credential-internal.js:362:27)
    at Object.getApplicationDefault (/Users/kataokayuuto/Desktop/react-study/superchat/functions/node_modules/firebase-admin/lib/credential/credential-internal.js:295:16)
    at new FirebaseApp (/Users/kataokayuuto/Desktop/react-study/superchat/functions/node_modules/firebase-admin/lib/firebase-app.js:196:62)
    at FirebaseNamespaceInternals.initializeApp (/Users/kataokayuuto/Desktop/react-study/superchat/functions/node_modules/firebase-admin/lib/firebase-namespace.js:80:19)
    at FirebaseNamespace.initializeApp (/Users/kataokayuuto/Desktop/react-study/superchat/functions/node_modules/firebase-admin/lib/firebase-namespace.js:420:30)
    at Proxy.<anonymous> (/Users/kataokayuuto/.npm_global/lib/node_modules/firebase-tools/lib/emulator/functionsEmulatorRuntime.js:310:74) {"metadata":{"emulator":{"name":"functions"},"message":"Error: Failed to read credentials from file /home/user/Downloads/service-account-file.json: Error: ENOENT: no such file or directory, open '/home/user/Downloads/service-account-file.json'\n    at FirebaseAppError.FirebaseError [as constructor] (/Users/kataokayuuto/Desktop/react-study/superchat/functions/node_modules/firebase-admin/lib/utils/error.js:44:28)\n    at FirebaseAppError.PrefixedFirebaseError [as constructor] (/Users/kataokayuuto/Desktop/react-study/superchat/functions/node_modules/firebase-admin/lib/utils/error.js:90:28)\n    at new FirebaseAppError (/Users/kataokayuuto/Desktop/react-study/superchat/functions/node_modules/firebase-admin/lib/utils/error.js:125:28)\n    at readCredentialFile (/Users/kataokayuuto/Desktop/react-study/superchat/functions/node_modules/firebase-admin/lib/credential/credential-internal.js:383:15)\n    at credentialFromFile (/Users/kataokayuuto/Desktop/react-study/superchat/functions/node_modules/firebase-admin/lib/credential/credential-internal.js:362:27)\n    at Object.getApplicationDefault (/Users/kataokayuuto/Desktop/react-study/superchat/functions/node_modules/firebase-admin/lib/credential/credential-internal.js:295:16)\n    at new FirebaseApp (/Users/kataokayuuto/Desktop/react-study/superchat/functions/node_modules/firebase-admin/lib/firebase-app.js:196:62)\n    at FirebaseNamespaceInternals.initializeApp (/Users/kataokayuuto/Desktop/react-study/superchat/functions/node_modules/firebase-admin/lib/firebase-namespace.js:80:19)\n    at FirebaseNamespace.initializeApp (/Users/kataokayuuto/Desktop/react-study/superchat/functions/node_modules/firebase-admin/lib/firebase-namespace.js:420:30)\n    at Proxy.<anonymous> (/Users/kataokayuuto/.npm_global/lib/node_modules/firebase-tools/lib/emulator/functionsEmulatorRuntime.js:310:74)"}}
[warn] ⚠  We were unable to load your functions code. (see above) {"metadata":{"emulator":{"name":"functions"}}}
[debug] [2021-01-03T15:05:50.794Z] DEBUG: [worker-~diagnostic~-8c31ac6a-6671-4b6f-8b26-d8ed158b2ad1]: exited
[debug] [2021-01-03T15:05:50.794Z] DEBUG: [worker-~diagnostic~-8c31ac6a-6671-4b6f-8b26-d8ed158b2ad1]: FINISHED
